libbpf: loading object 'eviction_lfu_xcoord_bpf' from buffer
libbpf: elf: section(2) .symtab, size 984, link 1, flags 0, type=2
libbpf: elf: section(3) struct_ops/uvm_pmm_chunk_activate, size 1144, link 0, flags 6, type=1
libbpf: sec 'struct_ops/uvm_pmm_chunk_activate': found program 'uvm_pmm_chunk_activate' at insn offset 0 (0 bytes), code size 143 insns (1144 bytes)
libbpf: elf: section(4) struct_ops/uvm_pmm_chunk_used, size 1408, link 0, flags 6, type=1
libbpf: sec 'struct_ops/uvm_pmm_chunk_used': found program 'uvm_pmm_chunk_used' at insn offset 0 (0 bytes), code size 176 insns (1408 bytes)
libbpf: elf: section(5) struct_ops/uvm_pmm_eviction_prepare, size 424, link 0, flags 6, type=1
libbpf: sec 'struct_ops/uvm_pmm_eviction_prepare': found program 'uvm_pmm_eviction_prepare' at insn offset 0 (0 bytes), code size 53 insns (424 bytes)
libbpf: elf: section(6) license, size 4, link 0, flags 3, type=1
libbpf: license of eviction_lfu_xcoord_bpf is GPL
libbpf: elf: section(7) .struct_ops, size 48, link 0, flags 3, type=1
libbpf: elf: section(8) .maps, size 160, link 0, flags 3, type=1
libbpf: elf: section(9) .relstruct_ops/uvm_pmm_chunk_activate, size 96, link 2, flags 40, type=9
libbpf: elf: section(10) .relstruct_ops/uvm_pmm_chunk_used, size 160, link 2, flags 40, type=9
libbpf: elf: section(11) .relstruct_ops/uvm_pmm_eviction_prepare, size 80, link 2, flags 40, type=9
libbpf: elf: section(12) .rel.struct_ops, size 48, link 2, flags 40, type=9
libbpf: elf: section(13) .BTF, size 40630, link 0, flags 0, type=1
libbpf: elf: section(14) .BTF.ext, size 2796, link 0, flags 0, type=1
libbpf: looking for externs among 41 symbols...
libbpf: collected 1 externs total
libbpf: extern (ksym) #0: symbol 37, name bpf_uvm_pmm_chunk_move_tail
libbpf: map 'config': at sec_idx 8, offset 0.
libbpf: map 'config': found type = 2.
libbpf: map 'config': found key [8], sz = 4.
libbpf: map 'config': found value [12], sz = 8.
libbpf: map 'config': found max_entries = 8.
libbpf: map 'pid_chunk_count': at sec_idx 8, offset 32.
libbpf: map 'pid_chunk_count': found type = 1.
libbpf: map 'pid_chunk_count': found key [8], sz = 4.
libbpf: map 'pid_chunk_count': found value [22], sz = 40.
libbpf: map 'pid_chunk_count': found max_entries = 256.
libbpf: map 'active_chunks': at sec_idx 8, offset 64.
libbpf: map 'active_chunks': found type = 1.
libbpf: map 'active_chunks': found key [12], sz = 8.
libbpf: map 'active_chunks': found value [8], sz = 4.
libbpf: map 'active_chunks': found max_entries = 65536.
libbpf: map 'chunk_access_count': at sec_idx 8, offset 96.
libbpf: map 'chunk_access_count': found type = 1.
libbpf: map 'chunk_access_count': found key [12], sz = 8.
libbpf: map 'chunk_access_count': found value [12], sz = 8.
libbpf: map 'chunk_access_count': found max_entries = 65536.
libbpf: map 'gpu_state_map': at sec_idx 8, offset 128.
libbpf: map 'gpu_state_map': found type = 1.
libbpf: map 'gpu_state_map': found key [8], sz = 4.
libbpf: map 'gpu_state_map': found value [32], sz = 48.
libbpf: map 'gpu_state_map': found max_entries = 256.
libbpf: struct_ops init: struct uvm_gpu_ext(type_id=466) uvm_ops_lfu_xcoord found at offset 0
libbpf: sec '.relstruct_ops/uvm_pmm_chunk_activate': collecting relocation for section(3) 'struct_ops/uvm_pmm_chunk_activate'
libbpf: sec '.relstruct_ops/uvm_pmm_chunk_activate': relo #0: insn #70 against 'gpu_state_map'
libbpf: prog 'uvm_pmm_chunk_activate': found map 4 (gpu_state_map, sec 8, off 128) for insn #70
libbpf: sec '.relstruct_ops/uvm_pmm_chunk_activate': relo #1: insn #101 against 'gpu_state_map'
libbpf: prog 'uvm_pmm_chunk_activate': found map 4 (gpu_state_map, sec 8, off 128) for insn #101
libbpf: sec '.relstruct_ops/uvm_pmm_chunk_activate': relo #2: insn #107 against 'active_chunks'
libbpf: prog 'uvm_pmm_chunk_activate': found map 2 (active_chunks, sec 8, off 64) for insn #107
libbpf: sec '.relstruct_ops/uvm_pmm_chunk_activate': relo #3: insn #115 against 'active_chunks'
libbpf: prog 'uvm_pmm_chunk_activate': found map 2 (active_chunks, sec 8, off 64) for insn #115
libbpf: sec '.relstruct_ops/uvm_pmm_chunk_activate': relo #4: insn #120 against 'pid_chunk_count'
libbpf: prog 'uvm_pmm_chunk_activate': found map 1 (pid_chunk_count, sec 8, off 32) for insn #120
libbpf: sec '.relstruct_ops/uvm_pmm_chunk_activate': relo #5: insn #137 against 'pid_chunk_count'
libbpf: prog 'uvm_pmm_chunk_activate': found map 1 (pid_chunk_count, sec 8, off 32) for insn #137
libbpf: sec '.relstruct_ops/uvm_pmm_chunk_used': collecting relocation for section(4) 'struct_ops/uvm_pmm_chunk_used'
libbpf: sec '.relstruct_ops/uvm_pmm_chunk_used': relo #0: insn #58 against 'gpu_state_map'
libbpf: prog 'uvm_pmm_chunk_used': found map 4 (gpu_state_map, sec 8, off 128) for insn #58
libbpf: sec '.relstruct_ops/uvm_pmm_chunk_used': relo #1: insn #67 against 'config'
libbpf: prog 'uvm_pmm_chunk_used': found map 0 (config, sec 8, off 0) for insn #67
libbpf: sec '.relstruct_ops/uvm_pmm_chunk_used': relo #2: insn #77 against 'config'
libbpf: prog 'uvm_pmm_chunk_used': found map 0 (config, sec 8, off 0) for insn #77
libbpf: sec '.relstruct_ops/uvm_pmm_chunk_used': relo #3: insn #84 against 'pid_chunk_count'
libbpf: prog 'uvm_pmm_chunk_used': found map 1 (pid_chunk_count, sec 8, off 32) for insn #84
libbpf: sec '.relstruct_ops/uvm_pmm_chunk_used': relo #4: insn #100 against 'config'
libbpf: prog 'uvm_pmm_chunk_used': found map 0 (config, sec 8, off 0) for insn #100
libbpf: sec '.relstruct_ops/uvm_pmm_chunk_used': relo #5: insn #117 against 'config'
libbpf: prog 'uvm_pmm_chunk_used': found map 0 (config, sec 8, off 0) for insn #117
libbpf: sec '.relstruct_ops/uvm_pmm_chunk_used': relo #6: insn #126 against 'config'
libbpf: prog 'uvm_pmm_chunk_used': found map 0 (config, sec 8, off 0) for insn #126
libbpf: sec '.relstruct_ops/uvm_pmm_chunk_used': relo #7: insn #140 against 'chunk_access_count'
libbpf: prog 'uvm_pmm_chunk_used': found map 3 (chunk_access_count, sec 8, off 96) for insn #140
libbpf: sec '.relstruct_ops/uvm_pmm_chunk_used': relo #8: insn #154 against 'chunk_access_count'
libbpf: prog 'uvm_pmm_chunk_used': found map 3 (chunk_access_count, sec 8, off 96) for insn #154
libbpf: sec '.relstruct_ops/uvm_pmm_chunk_used': relo #9: insn #163 against 'bpf_uvm_pmm_chunk_move_tail'
libbpf: prog 'uvm_pmm_chunk_used': found extern #0 'bpf_uvm_pmm_chunk_move_tail' (sym 37) for insn #163
libbpf: sec '.relstruct_ops/uvm_pmm_eviction_prepare': collecting relocation for section(5) 'struct_ops/uvm_pmm_eviction_prepare'
libbpf: sec '.relstruct_ops/uvm_pmm_eviction_prepare': relo #0: insn #16 against 'active_chunks'
libbpf: prog 'uvm_pmm_eviction_prepare': found map 2 (active_chunks, sec 8, off 64) for insn #16
libbpf: sec '.relstruct_ops/uvm_pmm_eviction_prepare': relo #1: insn #25 against 'gpu_state_map'
libbpf: prog 'uvm_pmm_eviction_prepare': found map 4 (gpu_state_map, sec 8, off 128) for insn #25
libbpf: sec '.relstruct_ops/uvm_pmm_eviction_prepare': relo #2: insn #31 against 'pid_chunk_count'
libbpf: prog 'uvm_pmm_eviction_prepare': found map 1 (pid_chunk_count, sec 8, off 32) for insn #31
libbpf: sec '.relstruct_ops/uvm_pmm_eviction_prepare': relo #3: insn #43 against 'active_chunks'
libbpf: prog 'uvm_pmm_eviction_prepare': found map 2 (active_chunks, sec 8, off 64) for insn #43
libbpf: sec '.relstruct_ops/uvm_pmm_eviction_prepare': relo #4: insn #47 against 'chunk_access_count'
libbpf: prog 'uvm_pmm_eviction_prepare': found map 3 (chunk_access_count, sec 8, off 96) for insn #47
libbpf: struct_ops reloc uvm_ops_lfu_xcoord: for 30 value 0 shdr_idx 3 rel->r_offset 24 map->sec_offset 0 name 366 ('uvm_pmm_chunk_activate')
libbpf: struct_ops reloc uvm_ops_lfu_xcoord: for 34 value 0 shdr_idx 4 rel->r_offset 32 map->sec_offset 0 name 433 ('uvm_pmm_chunk_used')
libbpf: struct_ops reloc uvm_ops_lfu_xcoord: for 38 value 0 shdr_idx 5 rel->r_offset 40 map->sec_offset 0 name 506 ('uvm_pmm_eviction_prepare')
libbpf: object 'eviction_lfu_xc': failed (-95) to create BPF token from '/sys/fs/bpf', skipping optional step...
libbpf: loaded kernel BTF from '/sys/kernel/btf/vmlinux'
libbpf: extern (func ksym) 'bpf_uvm_pmm_chunk_move_tail': resolved to nvidia_uvm [150208]
libbpf: struct_ops init_kern uvm_ops_lfu_xcoord: type_id:466 kern_type_id:148506 kern_vtype_id:148521
libbpf: struct_ops init_kern uvm_ops_lfu_xcoord: func ptr uvm_pmm_chunk_activate is set to prog uvm_pmm_chunk_activate from data(+24) to kern_data(+24)
libbpf: struct_ops init_kern uvm_ops_lfu_xcoord: func ptr uvm_pmm_chunk_used is set to prog uvm_pmm_chunk_used from data(+32) to kern_data(+32)
libbpf: struct_ops init_kern uvm_ops_lfu_xcoord: func ptr uvm_pmm_eviction_prepare is set to prog uvm_pmm_eviction_prepare from data(+40) to kern_data(+40)
libbpf: sec 'struct_ops/uvm_pmm_chunk_activate': found 6 CO-RE relocations
libbpf: CO-RE relocating [38] typedef uvm_gpu_chunk_t: found target candidate [147854] typedef uvm_gpu_chunk_t in [nvidia_uvm]
libbpf: prog 'uvm_pmm_chunk_activate': relo #0: <byte_off> [38] typedef uvm_gpu_chunk_t.va_block (0:3 @ offset 32)
libbpf: prog 'uvm_pmm_chunk_activate': relo #0: matching candidate #0 <byte_off> [147854] typedef uvm_gpu_chunk_t.va_block (0:3 @ offset 32)
libbpf: prog 'uvm_pmm_chunk_activate': relo #0: patched insn #9 (ALU/ALU64) imm 32 -> 32
libbpf: CO-RE relocating [45] typedef uvm_va_block_t: found target candidate [147900] typedef uvm_va_block_t in [nvidia_uvm]
libbpf: prog 'uvm_pmm_chunk_activate': relo #1: <byte_off> [45] typedef uvm_va_block_t.managed_range (0:2 @ offset 40)
libbpf: prog 'uvm_pmm_chunk_activate': relo #1: matching candidate #0 <byte_off> [147900] typedef uvm_va_block_t.managed_range (0:2 @ offset 40)
libbpf: prog 'uvm_pmm_chunk_activate': relo #1: patched insn #17 (ALU/ALU64) imm 40 -> 40
libbpf: CO-RE relocating [52] typedef uvm_va_range_managed_t: found target candidate [147894] typedef uvm_va_range_managed_t in [nvidia_uvm]
libbpf: prog 'uvm_pmm_chunk_activate': relo #2: <byte_off> [52] typedef uvm_va_range_managed_t.va_range.va_space (0:0:0 @ offset 0)
libbpf: prog 'uvm_pmm_chunk_activate': relo #2: matching candidate #0 <byte_off> [147894] typedef uvm_va_range_managed_t.va_range.va_space (0:0:0 @ offset 0)
libbpf: prog 'uvm_pmm_chunk_activate': relo #2: patched insn #25 (ALU/ALU64) imm 0 -> 0
libbpf: CO-RE relocating [63] typedef uvm_va_space_t: found target candidate [147902] typedef uvm_va_space_t in [nvidia_uvm]
libbpf: prog 'uvm_pmm_chunk_activate': relo #3: <byte_off> [63] typedef uvm_va_space_t.va_space_mm.mm (0:1:0 @ offset 26688)
libbpf: prog 'uvm_pmm_chunk_activate': relo #3: matching candidate #0 <byte_off> [147902] typedef uvm_va_space_t.va_space_mm.mm (0:43:0 @ offset 367864)
libbpf: prog 'uvm_pmm_chunk_activate': relo #3: patched insn #33 (ALU/ALU64) imm 26688 -> 367864
libbpf: CO-RE relocating [69] struct mm_struct: found target candidate [276] struct mm_struct in [vmlinux]
libbpf: prog 'uvm_pmm_chunk_activate': relo #4: <byte_off> [69] struct mm_struct.owner (0:0:43 @ offset 1496)
libbpf: prog 'uvm_pmm_chunk_activate': relo #4: matching candidate #0 <byte_off> [276] struct mm_struct.owner (0:0:51 @ offset 1176)
libbpf: prog 'uvm_pmm_chunk_activate': relo #4: patched insn #41 (ALU/ALU64) imm 1496 -> 1176
libbpf: CO-RE relocating [187] struct task_struct: found target candidate [115] struct task_struct in [vmlinux]
libbpf: prog 'uvm_pmm_chunk_activate': relo #5: <byte_off> [187] struct task_struct.tgid (0:79 @ offset 1404)
libbpf: prog 'uvm_pmm_chunk_activate': relo #5: matching candidate #0 <byte_off> [115] struct task_struct.tgid (0:94 @ offset 2772)
libbpf: prog 'uvm_pmm_chunk_activate': relo #5: patched insn #49 (ALU/ALU64) imm 1404 -> 2772
libbpf: sec 'struct_ops/uvm_pmm_chunk_used': found 6 CO-RE relocations
libbpf: prog 'uvm_pmm_chunk_used': relo #0: <byte_off> [38] typedef uvm_gpu_chunk_t.va_block (0:3 @ offset 32)
libbpf: prog 'uvm_pmm_chunk_used': relo #0: matching candidate #0 <byte_off> [147854] typedef uvm_gpu_chunk_t.va_block (0:3 @ offset 32)
libbpf: prog 'uvm_pmm_chunk_used': relo #0: patched insn #5 (ALU/ALU64) imm 32 -> 32
libbpf: prog 'uvm_pmm_chunk_used': relo #1: <byte_off> [45] typedef uvm_va_block_t.managed_range (0:2 @ offset 40)
libbpf: prog 'uvm_pmm_chunk_used': relo #1: matching candidate #0 <byte_off> [147900] typedef uvm_va_block_t.managed_range (0:2 @ offset 40)
libbpf: prog 'uvm_pmm_chunk_used': relo #1: patched insn #14 (ALU/ALU64) imm 40 -> 40
libbpf: prog 'uvm_pmm_chunk_used': relo #2: <byte_off> [52] typedef uvm_va_range_managed_t.va_range.va_space (0:0:0 @ offset 0)
libbpf: prog 'uvm_pmm_chunk_used': relo #2: matching candidate #0 <byte_off> [147894] typedef uvm_va_range_managed_t.va_range.va_space (0:0:0 @ offset 0)
libbpf: prog 'uvm_pmm_chunk_used': relo #2: patched insn #22 (ALU/ALU64) imm 0 -> 0
libbpf: prog 'uvm_pmm_chunk_used': relo #3: <byte_off> [63] typedef uvm_va_space_t.va_space_mm.mm (0:1:0 @ offset 26688)
libbpf: prog 'uvm_pmm_chunk_used': relo #3: matching candidate #0 <byte_off> [147902] typedef uvm_va_space_t.va_space_mm.mm (0:43:0 @ offset 367864)
libbpf: prog 'uvm_pmm_chunk_used': relo #3: patched insn #30 (ALU/ALU64) imm 26688 -> 367864
libbpf: prog 'uvm_pmm_chunk_used': relo #4: <byte_off> [69] struct mm_struct.owner (0:0:43 @ offset 1496)
libbpf: prog 'uvm_pmm_chunk_used': relo #4: matching candidate #0 <byte_off> [276] struct mm_struct.owner (0:0:51 @ offset 1176)
libbpf: prog 'uvm_pmm_chunk_used': relo #4: patched insn #38 (ALU/ALU64) imm 1496 -> 1176
libbpf: prog 'uvm_pmm_chunk_used': relo #5: <byte_off> [187] struct task_struct.tgid (0:79 @ offset 1404)
libbpf: prog 'uvm_pmm_chunk_used': relo #5: matching candidate #0 <byte_off> [115] struct task_struct.tgid (0:94 @ offset 2772)
libbpf: prog 'uvm_pmm_chunk_used': relo #5: patched insn #46 (ALU/ALU64) imm 1404 -> 2772
libbpf: sec 'struct_ops/uvm_pmm_eviction_prepare': found 1 CO-RE relocations
libbpf: CO-RE relocating [42] struct list_head: found target candidate [96] struct list_head in [vmlinux]
libbpf: prog 'uvm_pmm_eviction_prepare': relo #0: <byte_off> [42] struct list_head.next (0:0 @ offset 0)
libbpf: prog 'uvm_pmm_eviction_prepare': relo #0: matching candidate #0 <byte_off> [96] struct list_head.next (0:0 @ offset 0)
libbpf: prog 'uvm_pmm_eviction_prepare': relo #0: patched insn #2 (ALU/ALU64) imm 0 -> 0
libbpf: map 'config': created successfully, fd=3
libbpf: map 'pid_chunk_count': created successfully, fd=4
libbpf: map 'active_chunks': created successfully, fd=5
libbpf: map 'chunk_access_count': created successfully, fd=6
libbpf: map 'gpu_state_map': created successfully, fd=7
libbpf: map 'uvm_ops_lfu_xcoord': created successfully, fd=8
Checking for old struct_ops instances...
No old struct_ops instances found.
Pinned gpu_state_map at /sys/fs/bpf/xcoord_gpu_state
xCoord GPU-side loaded!
  Eviction policy: LFU with frequency decay
  Shared map: /sys/fs/bpf/xcoord_gpu_state
  High priority PID: 2126146 (decay: 1)
  Low priority PID:  0 (decay: 10)
  Default decay:     5

Press Ctrl-C to exit...

=== xCoord GPU State (shared with sched_ext) ===
  PID        fault_rate    fault_cnt    evict_cnt     used_cnt  thrashing

=== Per-PID Chunk Statistics ===

=== xCoord GPU State (shared with sched_ext) ===
  PID        fault_rate    fault_cnt    evict_cnt     used_cnt  thrashing

=== Per-PID Chunk Statistics ===

=== xCoord GPU State (shared with sched_ext) ===
  PID        fault_rate    fault_cnt    evict_cnt     used_cnt  thrashing
  2126146          2502         2195            0         7737        YES

=== Per-PID Chunk Statistics ===
  HIGH PID 2126146: chunks=4698 activate=4698 used=7737 allow=7737 deny=0

=== xCoord GPU State (shared with sched_ext) ===
  PID        fault_rate    fault_cnt    evict_cnt     used_cnt  thrashing
  2126146          2386         2377         1483        27892        YES

=== Per-PID Chunk Statistics ===
  HIGH PID 2126146: chunks=15322 activate=16805 used=27892 allow=27892 deny=0

=== xCoord GPU State (shared with sched_ext) ===
  PID        fault_rate    fault_cnt    evict_cnt     used_cnt  thrashing
  2126146          2344         1323         7325        38244        YES

=== Per-PID Chunk Statistics ===
  HIGH PID 2126146: chunks=15691 activate=23016 used=38244 allow=38244 deny=0

=== xCoord GPU State (shared with sched_ext) ===
  PID        fault_rate    fault_cnt    evict_cnt     used_cnt  thrashing
  2126146          2353         2331        16534        54141        YES

=== Per-PID Chunk Statistics ===
  HIGH PID 2126146: chunks=15755 activate=32289 used=54141 allow=54141 deny=0

=== xCoord GPU State (shared with sched_ext) ===
  PID        fault_rate    fault_cnt    evict_cnt     used_cnt  thrashing
  2126146          2372         2062        28537        74047        YES

=== Per-PID Chunk Statistics ===
  HIGH PID 2126146: chunks=15755 activate=44292 used=74047 allow=74047 deny=0

=== xCoord GPU State (shared with sched_ext) ===
  PID        fault_rate    fault_cnt    evict_cnt     used_cnt  thrashing
  2126146          2345         1960        40193        94152        YES

=== Per-PID Chunk Statistics ===
  HIGH PID 2126146: chunks=15755 activate=55948 used=94152 allow=94152 deny=0

=== xCoord GPU State (shared with sched_ext) ===
  PID        fault_rate    fault_cnt    evict_cnt     used_cnt  thrashing
  2126146          2307         2081        51571       113471        YES

=== Per-PID Chunk Statistics ===
  HIGH PID 2126146: chunks=15755 activate=67326 used=113471 allow=113471 deny=0

=== xCoord GPU State (shared with sched_ext) ===
  PID        fault_rate    fault_cnt    evict_cnt     used_cnt  thrashing
  2126146          2297         2225        63507       133513        YES

=== Per-PID Chunk Statistics ===
  HIGH PID 2126146: chunks=15755 activate=79262 used=133513 allow=133513 deny=0

=== xCoord GPU State (shared with sched_ext) ===
  PID        fault_rate    fault_cnt    evict_cnt     used_cnt  thrashing
  2126146          2312         2092        75180       153567        YES

=== Per-PID Chunk Statistics ===
  HIGH PID 2126146: chunks=15755 activate=90935 used=153567 allow=153567 deny=0

=== xCoord GPU State (shared with sched_ext) ===
  PID        fault_rate    fault_cnt    evict_cnt     used_cnt  thrashing
  2126146          2342         2132        87025       173645        YES

=== Per-PID Chunk Statistics ===
  HIGH PID 2126146: chunks=15755 activate=102780 used=173645 allow=173645 deny=0

=== xCoord GPU State (shared with sched_ext) ===
  PID        fault_rate    fault_cnt    evict_cnt     used_cnt  thrashing
  2126146          2281         2046        98794       193321        YES

=== Per-PID Chunk Statistics ===
  HIGH PID 2126146: chunks=15755 activate=114549 used=193321 allow=193321 deny=0

=== xCoord GPU State (shared with sched_ext) ===
  PID        fault_rate    fault_cnt    evict_cnt     used_cnt  thrashing
  2126146          2521         2115       110902       213768        YES

=== Per-PID Chunk Statistics ===
  HIGH PID 2126146: chunks=15755 activate=126657 used=213768 allow=213768 deny=0

=== xCoord GPU State (shared with sched_ext) ===
  PID        fault_rate    fault_cnt    evict_cnt     used_cnt  thrashing
  2126146          2308         2204       122921       233937        YES

=== Per-PID Chunk Statistics ===
  HIGH PID 2126146: chunks=15755 activate=138676 used=233937 allow=233937 deny=0

=== xCoord GPU State (shared with sched_ext) ===
  PID        fault_rate    fault_cnt    evict_cnt     used_cnt  thrashing
  2126146          2381         2020       134864       254335        YES

=== Per-PID Chunk Statistics ===
  HIGH PID 2126146: chunks=15755 activate=150619 used=254335 allow=254335 deny=0

=== xCoord GPU State (shared with sched_ext) ===
  PID        fault_rate    fault_cnt    evict_cnt     used_cnt  thrashing
  2126146          2422         2147       146744       274581        YES

=== Per-PID Chunk Statistics ===
  HIGH PID 2126146: chunks=15755 activate=162499 used=274581 allow=274581 deny=0

=== xCoord GPU State (shared with sched_ext) ===
  PID        fault_rate    fault_cnt    evict_cnt     used_cnt  thrashing
  2126146          2275         1965       158382       294578        YES

=== Per-PID Chunk Statistics ===
  HIGH PID 2126146: chunks=15755 activate=174137 used=294578 allow=294578 deny=0

=== xCoord GPU State (shared with sched_ext) ===
  PID        fault_rate    fault_cnt    evict_cnt     used_cnt  thrashing
  2126146          2321         2200       170065       314491        YES

=== Per-PID Chunk Statistics ===
  HIGH PID 2126146: chunks=15755 activate=185820 used=314491 allow=314491 deny=0

=== xCoord GPU State (shared with sched_ext) ===
  PID        fault_rate    fault_cnt    evict_cnt     used_cnt  thrashing
  2126146          2353         2122       184751       366968        YES

=== Per-PID Chunk Statistics ===
  HIGH PID 2126146: chunks=15755 activate=200506 used=366968 allow=366968 deny=0

=== xCoord GPU State (shared with sched_ext) ===
  PID        fault_rate    fault_cnt    evict_cnt     used_cnt  thrashing
  2126146          2329         1891       196154       386087        YES

=== Per-PID Chunk Statistics ===
  HIGH PID 2126146: chunks=15755 activate=211909 used=386087 allow=386087 deny=0

=== xCoord GPU State (shared with sched_ext) ===
  PID        fault_rate    fault_cnt    evict_cnt     used_cnt  thrashing
  2126146          2153         1978       207553       405634        YES

=== Per-PID Chunk Statistics ===
  HIGH PID 2126146: chunks=15755 activate=223308 used=405634 allow=405634 deny=0

=== xCoord GPU State (shared with sched_ext) ===
  PID        fault_rate    fault_cnt    evict_cnt     used_cnt  thrashing
  2126146          2327         2094       219478       425866        YES

=== Per-PID Chunk Statistics ===
  HIGH PID 2126146: chunks=15754 activate=235233 used=425866 allow=425866 deny=0

=== xCoord GPU State (shared with sched_ext) ===
  PID        fault_rate    fault_cnt    evict_cnt     used_cnt  thrashing
  2126146          2325         3667       232892       460507        YES

=== Per-PID Chunk Statistics ===
  HIGH PID 2126146: chunks=15754 activate=248646 used=460507 allow=460507 deny=0

=== xCoord GPU State (shared with sched_ext) ===
  PID        fault_rate    fault_cnt    evict_cnt     used_cnt  thrashing
  2126146          2199         1710       243905       479215        YES

=== Per-PID Chunk Statistics ===
  HIGH PID 2126146: chunks=15755 activate=259660 used=479215 allow=479215 deny=0

=== xCoord GPU State (shared with sched_ext) ===
  PID        fault_rate    fault_cnt    evict_cnt     used_cnt  thrashing
  2126146          5036         4286       259113       564678        YES

=== Per-PID Chunk Statistics ===
  HIGH PID 2126146: chunks=15755 activate=274868 used=564678 allow=564678 deny=0

=== xCoord GPU State (shared with sched_ext) ===
  PID        fault_rate    fault_cnt    evict_cnt     used_cnt  thrashing
  2126146          2299         1927       276018       646214        YES

=== Per-PID Chunk Statistics ===
  HIGH PID 2126146: chunks=15755 activate=291773 used=646214 allow=646214 deny=0

=== xCoord GPU State (shared with sched_ext) ===
  PID        fault_rate    fault_cnt    evict_cnt     used_cnt  thrashing
  2126146          3835         3442       290246       692378        YES

=== Per-PID Chunk Statistics ===
  HIGH PID 2126146: chunks=15755 activate=306001 used=692378 allow=692378 deny=0

=== xCoord GPU State (shared with sched_ext) ===
  PID        fault_rate    fault_cnt    evict_cnt     used_cnt  thrashing
  2126146          2171         2039       301784       712060        YES

=== Per-PID Chunk Statistics ===
  HIGH PID 2126146: chunks=15755 activate=317539 used=712060 allow=712060 deny=0

=== xCoord GPU State (shared with sched_ext) ===
  PID        fault_rate    fault_cnt    evict_cnt     used_cnt  thrashing
  2126146          2254         2035       313322       732033        YES

=== Per-PID Chunk Statistics ===
  HIGH PID 2126146: chunks=15755 activate=329077 used=732033 allow=732033 deny=0

=== xCoord GPU State (shared with sched_ext) ===
  PID        fault_rate    fault_cnt    evict_cnt     used_cnt  thrashing
  2126146          2275         1932       324472       750490        YES

=== Per-PID Chunk Statistics ===
  HIGH PID 2126146: chunks=15755 activate=340227 used=750490 allow=750490 deny=0

=== xCoord GPU State (shared with sched_ext) ===
  PID        fault_rate    fault_cnt    evict_cnt     used_cnt  thrashing
  2126146          2232         2109       336052       770470        YES

=== Per-PID Chunk Statistics ===
  HIGH PID 2126146: chunks=15755 activate=351807 used=770470 allow=770470 deny=0

=== xCoord GPU State (shared with sched_ext) ===
  PID        fault_rate    fault_cnt    evict_cnt     used_cnt  thrashing
  2126146          2295         1942       347799       790755        YES

=== Per-PID Chunk Statistics ===
  HIGH PID 2126146: chunks=15755 activate=363554 used=790755 allow=790755 deny=0

=== xCoord GPU State (shared with sched_ext) ===
  PID        fault_rate    fault_cnt    evict_cnt     used_cnt  thrashing
  2126146          2229         2000       358999       809741        YES

=== Per-PID Chunk Statistics ===
  HIGH PID 2126146: chunks=15755 activate=374754 used=809741 allow=809741 deny=0

=== xCoord GPU State (shared with sched_ext) ===
  PID        fault_rate    fault_cnt    evict_cnt     used_cnt  thrashing
  2126146          2095         1932       370474       829220        YES

=== Per-PID Chunk Statistics ===
  HIGH PID 2126146: chunks=15755 activate=386229 used=829220 allow=829220 deny=0

=== xCoord GPU State (shared with sched_ext) ===
  PID        fault_rate    fault_cnt    evict_cnt     used_cnt  thrashing
  2126146          2290         2100       381896       848171        YES

=== Per-PID Chunk Statistics ===
  HIGH PID 2126146: chunks=15755 activate=397651 used=848171 allow=848171 deny=0

=== xCoord GPU State (shared with sched_ext) ===
  PID        fault_rate    fault_cnt    evict_cnt     used_cnt  thrashing
  2126146          2261         1910       393128       867357        YES

=== Per-PID Chunk Statistics ===
  HIGH PID 2126146: chunks=15755 activate=408883 used=867357 allow=867357 deny=0

=== xCoord GPU State (shared with sched_ext) ===
  PID        fault_rate    fault_cnt    evict_cnt     used_cnt  thrashing
  2126146          2274         1953       404738       886710        YES

=== Per-PID Chunk Statistics ===
  HIGH PID 2126146: chunks=15755 activate=420493 used=886710 allow=886710 deny=0

=== xCoord GPU State (shared with sched_ext) ===
  PID        fault_rate    fault_cnt    evict_cnt     used_cnt  thrashing
  2126146          2184         4086       418404       939490        YES

=== Per-PID Chunk Statistics ===
  HIGH PID 2126146: chunks=15756 activate=434160 used=939490 allow=939490 deny=0

=== xCoord GPU State (shared with sched_ext) ===
  PID        fault_rate    fault_cnt    evict_cnt     used_cnt  thrashing
  2126146          5178         4380       443366      1151459        YES

=== Per-PID Chunk Statistics ===
  HIGH PID 2126146: chunks=15755 activate=459121 used=1151459 allow=1151459 deny=0

=== xCoord GPU State (shared with sched_ext) ===
  PID        fault_rate    fault_cnt    evict_cnt     used_cnt  thrashing
  2126146          5366         4104       466313      1315022        YES

=== Per-PID Chunk Statistics ===
  HIGH PID 2126146: chunks=15755 activate=482068 used=1315022 allow=1315022 deny=0

=== xCoord GPU State (shared with sched_ext) ===
  PID        fault_rate    fault_cnt    evict_cnt     used_cnt  thrashing
  2126146          5199         3831       487553      1457777        YES

=== Per-PID Chunk Statistics ===
  HIGH PID 2126146: chunks=15754 activate=503307 used=1457777 allow=1457777 deny=0

=== xCoord GPU State (shared with sched_ext) ===
  PID        fault_rate    fault_cnt    evict_cnt     used_cnt  thrashing
  2126146          2280         1621       504435      1536881        YES

=== Per-PID Chunk Statistics ===
  HIGH PID 2126146: chunks=15755 activate=520190 used=1536881 allow=1536881 deny=0

=== xCoord GPU State (shared with sched_ext) ===
  PID        fault_rate    fault_cnt    evict_cnt     used_cnt  thrashing
  2126146          2398         1852       518683      1580723        YES

=== Per-PID Chunk Statistics ===
  HIGH PID 2126146: chunks=15754 activate=534437 used=1580723 allow=1580723 deny=0

=== xCoord GPU State (shared with sched_ext) ===
  PID        fault_rate    fault_cnt    evict_cnt     used_cnt  thrashing
  2126146          2302         1736       530149      1600390        YES

=== Per-PID Chunk Statistics ===
  HIGH PID 2126146: chunks=15755 activate=545904 used=1600390 allow=1600390 deny=0

=== xCoord GPU State (shared with sched_ext) ===
  PID        fault_rate    fault_cnt    evict_cnt     used_cnt  thrashing
  2126146          2290         1875       541500      1619612        YES

=== Per-PID Chunk Statistics ===
  HIGH PID 2126146: chunks=15755 activate=557255 used=1619612 allow=1619612 deny=0

=== xCoord GPU State (shared with sched_ext) ===
  PID        fault_rate    fault_cnt    evict_cnt     used_cnt  thrashing
  2126146          2359         1789       553336      1639339        YES

=== Per-PID Chunk Statistics ===
  HIGH PID 2126146: chunks=15755 activate=569091 used=1639339 allow=1639339 deny=0

=== xCoord GPU State (shared with sched_ext) ===
  PID        fault_rate    fault_cnt    evict_cnt     used_cnt  thrashing
  2126146          2448         1828       565251      1659815        YES

=== Per-PID Chunk Statistics ===
  HIGH PID 2126146: chunks=15755 activate=581006 used=1659815 allow=1659815 deny=0

=== xCoord GPU State (shared with sched_ext) ===
  PID        fault_rate    fault_cnt    evict_cnt     used_cnt  thrashing
  2126146          2374         1811       577181      1679994        YES

=== Per-PID Chunk Statistics ===
  HIGH PID 2126146: chunks=15755 activate=592936 used=1679994 allow=1679994 deny=0

=== xCoord GPU State (shared with sched_ext) ===
  PID        fault_rate    fault_cnt    evict_cnt     used_cnt  thrashing
  2126146          5213         3065       597964      1810486        YES

=== Per-PID Chunk Statistics ===
  HIGH PID 2126146: chunks=15755 activate=613719 used=1810486 allow=1810486 deny=0

=== xCoord GPU State (shared with sched_ext) ===
  PID        fault_rate    fault_cnt    evict_cnt     used_cnt  thrashing
  2126146          2262         1795       609865      1830631        YES

=== Per-PID Chunk Statistics ===
  HIGH PID 2126146: chunks=15755 activate=625620 used=1830631 allow=1830631 deny=0

=== xCoord GPU State (shared with sched_ext) ===
  PID        fault_rate    fault_cnt    evict_cnt     used_cnt  thrashing
  2126146          4914         3644       630298      1985575        YES

=== Per-PID Chunk Statistics ===
  HIGH PID 2126146: chunks=15756 activate=646054 used=1985575 allow=1985575 deny=0

=== xCoord GPU State (shared with sched_ext) ===
  PID        fault_rate    fault_cnt    evict_cnt     used_cnt  thrashing
  2126146          2451         1760       651246      2120076        YES

=== Per-PID Chunk Statistics ===
  HIGH PID 2126146: chunks=15755 activate=667001 used=2120076 allow=2120076 deny=0

=== xCoord GPU State (shared with sched_ext) ===
  PID        fault_rate    fault_cnt    evict_cnt     used_cnt  thrashing
  2126146          2315         1817       663113      2140148        YES

=== Per-PID Chunk Statistics ===
  HIGH PID 2126146: chunks=15755 activate=678868 used=2140148 allow=2140148 deny=0

=== xCoord GPU State (shared with sched_ext) ===
  PID        fault_rate    fault_cnt    evict_cnt     used_cnt  thrashing
  2126146          2312         1758       674831      2160047        YES

=== Per-PID Chunk Statistics ===
  HIGH PID 2126146: chunks=15755 activate=690586 used=2160047 allow=2160047 deny=0

=== xCoord GPU State (shared with sched_ext) ===
  PID        fault_rate    fault_cnt    evict_cnt     used_cnt  thrashing
  2126146          2205         1776       686316      2179504        YES

=== Per-PID Chunk Statistics ===
  HIGH PID 2126146: chunks=15755 activate=702071 used=2179504 allow=2179504 deny=0

=== xCoord GPU State (shared with sched_ext) ===
  PID        fault_rate    fault_cnt    evict_cnt     used_cnt  thrashing
  2126146          2341         1681       698142      2199494        YES

=== Per-PID Chunk Statistics ===
  HIGH PID 2126146: chunks=15755 activate=713897 used=2199494 allow=2199494 deny=0

=== xCoord GPU State (shared with sched_ext) ===
  PID        fault_rate    fault_cnt    evict_cnt     used_cnt  thrashing
  2126146          2495         1841       710137      2219745        YES

=== Per-PID Chunk Statistics ===
  HIGH PID 2126146: chunks=15755 activate=725892 used=2219745 allow=2219745 deny=0

=== xCoord GPU State (shared with sched_ext) ===
  PID        fault_rate    fault_cnt    evict_cnt     used_cnt  thrashing
  2126146          2357         1824       721880      2239924        YES

=== Per-PID Chunk Statistics ===
  HIGH PID 2126146: chunks=15755 activate=737635 used=2239924 allow=2239924 deny=0

=== xCoord GPU State (shared with sched_ext) ===
  PID        fault_rate    fault_cnt    evict_cnt     used_cnt  thrashing
  2126146          2382         1757       735549      2274624        YES

=== Per-PID Chunk Statistics ===
  HIGH PID 2126146: chunks=15755 activate=751304 used=2274624 allow=2274624 deny=0

=== xCoord GPU State (shared with sched_ext) ===
  PID        fault_rate    fault_cnt    evict_cnt     used_cnt  thrashing
  2126146          2405         1755       749046      2310161        YES

=== Per-PID Chunk Statistics ===
  HIGH PID 2126146: chunks=15755 activate=764801 used=2310161 allow=2310161 deny=0

=== xCoord GPU State (shared with sched_ext) ===
  PID        fault_rate    fault_cnt    evict_cnt     used_cnt  thrashing
  2126146          2411         1791       761274      2330981        YES

=== Per-PID Chunk Statistics ===
  HIGH PID 2126146: chunks=15755 activate=777029 used=2330981 allow=2330981 deny=0

=== xCoord GPU State (shared with sched_ext) ===
  PID        fault_rate    fault_cnt    evict_cnt     used_cnt  thrashing
  2126146          2323         1759       773149      2351505        YES

=== Per-PID Chunk Statistics ===
  HIGH PID 2126146: chunks=15755 activate=788904 used=2351505 allow=2351505 deny=0

=== xCoord GPU State (shared with sched_ext) ===
  PID        fault_rate    fault_cnt    evict_cnt     used_cnt  thrashing
  2126146          2318         1836       785095      2371845        YES

=== Per-PID Chunk Statistics ===
  HIGH PID 2126146: chunks=15755 activate=800850 used=2371845 allow=2371845 deny=0

=== xCoord GPU State (shared with sched_ext) ===
  PID        fault_rate    fault_cnt    evict_cnt     used_cnt  thrashing
  2126146          2369         1764       796904      2392007        YES

=== Per-PID Chunk Statistics ===
  HIGH PID 2126146: chunks=15755 activate=812659 used=2392007 allow=2392007 deny=0

=== xCoord GPU State (shared with sched_ext) ===
  PID        fault_rate    fault_cnt    evict_cnt     used_cnt  thrashing
  2126146          2439         1763       808995      2412628        YES

=== Per-PID Chunk Statistics ===
  HIGH PID 2126146: chunks=15755 activate=824750 used=2412628 allow=2412628 deny=0

=== xCoord GPU State (shared with sched_ext) ===
  PID        fault_rate    fault_cnt    evict_cnt     used_cnt  thrashing
  2126146          4467         3389       830444      2604037        YES

=== Per-PID Chunk Statistics ===
  HIGH PID 2126146: chunks=15756 activate=846200 used=2604037 allow=2604037 deny=0

=== xCoord GPU State (shared with sched_ext) ===
  PID        fault_rate    fault_cnt    evict_cnt     used_cnt  thrashing
  2126146          3490         3652       852782      2760347        YES

=== Per-PID Chunk Statistics ===
  HIGH PID 2126146: chunks=15755 activate=868537 used=2760348 allow=2760348 deny=0

=== xCoord GPU State (shared with sched_ext) ===
  PID        fault_rate    fault_cnt    evict_cnt     used_cnt  thrashing
  2126146          5157         3692       878524      2971696        YES

=== Per-PID Chunk Statistics ===
  HIGH PID 2126146: chunks=15756 activate=894280 used=2971696 allow=2971696 deny=0

=== xCoord GPU State (shared with sched_ext) ===
  PID        fault_rate    fault_cnt    evict_cnt     used_cnt  thrashing
  2126146          2321         1700       893547      3030515        YES

=== Per-PID Chunk Statistics ===
  HIGH PID 2126146: chunks=15755 activate=909302 used=3030515 allow=3030515 deny=0

=== xCoord GPU State (shared with sched_ext) ===
  PID        fault_rate    fault_cnt    evict_cnt     used_cnt  thrashing
  2126146          2351         1718       905142      3050415        YES

=== Per-PID Chunk Statistics ===
  HIGH PID 2126146: chunks=15755 activate=920897 used=3050415 allow=3050415 deny=0

=== xCoord GPU State (shared with sched_ext) ===
  PID        fault_rate    fault_cnt    evict_cnt     used_cnt  thrashing
  2126146          2344         1543       916817      3071876        YES

=== Per-PID Chunk Statistics ===
  HIGH PID 2126146: chunks=15755 activate=932572 used=3071876 allow=3071876 deny=0

=== xCoord GPU State (shared with sched_ext) ===
  PID        fault_rate    fault_cnt    evict_cnt     used_cnt  thrashing
  2126146          2142         1661       930386      3109742        YES

=== Per-PID Chunk Statistics ===
  HIGH PID 2126146: chunks=15755 activate=946141 used=3109742 allow=3109742 deny=0

=== xCoord GPU State (shared with sched_ext) ===
  PID        fault_rate    fault_cnt    evict_cnt     used_cnt  thrashing
  2126146          2212         1605       941234      3128031        YES

=== Per-PID Chunk Statistics ===
  HIGH PID 2126146: chunks=15755 activate=956989 used=3128031 allow=3128031 deny=0

=== xCoord GPU State (shared with sched_ext) ===
  PID        fault_rate    fault_cnt    evict_cnt     used_cnt  thrashing
  2126146          2115         2638       953690      3155959        YES

=== Per-PID Chunk Statistics ===
  HIGH PID 2126146: chunks=15754 activate=969444 used=3155959 allow=3155959 deny=0

=== xCoord GPU State (shared with sched_ext) ===
  PID        fault_rate    fault_cnt    evict_cnt     used_cnt  thrashing
  2126146          2327         1560       966440      3184041        YES

=== Per-PID Chunk Statistics ===
  HIGH PID 2126146: chunks=15755 activate=982195 used=3184041 allow=3184041 deny=0

=== xCoord GPU State (shared with sched_ext) ===
  PID        fault_rate    fault_cnt    evict_cnt     used_cnt  thrashing
  2126146          2269         1485       977691      3202935        YES

=== Per-PID Chunk Statistics ===
  HIGH PID 2126146: chunks=15755 activate=993446 used=3202935 allow=3202935 deny=0

=== xCoord GPU State (shared with sched_ext) ===
  PID        fault_rate    fault_cnt    evict_cnt     used_cnt  thrashing
  2126146          2033         1562       988449      3220728        YES

=== Per-PID Chunk Statistics ===
  HIGH PID 2126146: chunks=15755 activate=1004204 used=3220728 allow=3220728 deny=0

=== xCoord GPU State (shared with sched_ext) ===
  PID        fault_rate    fault_cnt    evict_cnt     used_cnt  thrashing
  2126146          3754         3532      1003171      3291140        YES

=== Per-PID Chunk Statistics ===
  HIGH PID 2126146: chunks=15756 activate=1018927 used=3291140 allow=3291140 deny=0

=== xCoord GPU State (shared with sched_ext) ===
  PID        fault_rate    fault_cnt    evict_cnt     used_cnt  thrashing
  2126146          5169         3620      1028672      3495572        YES

=== Per-PID Chunk Statistics ===
  HIGH PID 2126146: chunks=15756 activate=1044428 used=3495572 allow=3495572 deny=0

=== xCoord GPU State (shared with sched_ext) ===
  PID        fault_rate    fault_cnt    evict_cnt     used_cnt  thrashing
  2126146          4925         3645      1045552      3587518        YES

=== Per-PID Chunk Statistics ===
  HIGH PID 2126146: chunks=15755 activate=1061307 used=3587518 allow=3587518 deny=0

=== xCoord GPU State (shared with sched_ext) ===
  PID        fault_rate    fault_cnt    evict_cnt     used_cnt  thrashing
  2126146          2360         1633      1062173      3667492        YES

=== Per-PID Chunk Statistics ===
  HIGH PID 2126146: chunks=15755 activate=1077928 used=3667492 allow=3667492 deny=0

=== xCoord GPU State (shared with sched_ext) ===
  PID        fault_rate    fault_cnt    evict_cnt     used_cnt  thrashing
  2126146          1763          821      1072003      3683883         no

=== Per-PID Chunk Statistics ===
  HIGH PID 2126146: chunks=15755 activate=1087758 used=3683883 allow=3683883 deny=0

=== xCoord GPU State (shared with sched_ext) ===
  PID        fault_rate    fault_cnt    evict_cnt     used_cnt  thrashing
  2126146           418          225      1073569      3686604         no

=== Per-PID Chunk Statistics ===
  HIGH PID 2126146: chunks=15755 activate=1089324 used=3686604 allow=3686604 deny=0

Detaching...

=== xCoord GPU State (shared with sched_ext) ===
  PID        fault_rate    fault_cnt    evict_cnt     used_cnt  thrashing
  2126146           418          225      1073569      3686604         no
Unpinned /sys/fs/bpf/xcoord_gpu_state
